XRTestApp/Library/Bee/Android/Prj/Mono2x/Gradle/launcher/build/intermediates/manifest_merge_blame_file/release/manifest-merger-blame-release-report.txt
1<?xml version="1.0" encoding="utf-8"?>
2<manifest xmlns:android="http://schemas.android.com/apk/res/android"
3    package="com.DefaultCompany.XRTextApp"
4    android:installLocation="preferExternal"
5    android:versionCode="1"
6    android:versionName="0.1" >
7
8    <uses-sdk
9        android:minSdkVersion="23"
9-->src/main/AndroidManifest.xml
10        android:targetSdkVersion="32" />
10-->src/main/AndroidManifest.xml
11
12    <supports-screens
12-->src/main/AndroidManifest.xml:4:3-163
13        android:anyDensity="true"
13-->src/main/AndroidManifest.xml:4:135-160
14        android:largeScreens="true"
14-->src/main/AndroidManifest.xml:4:78-105
15        android:normalScreens="true"
15-->src/main/AndroidManifest.xml:4:49-77
16        android:smallScreens="true"
16-->src/main/AndroidManifest.xml:4:21-48
17        android:xlargeScreens="true" />
17-->src/main/AndroidManifest.xml:4:106-134
18
19    <supports-gl-texture android:name="GL_KHR_texture_compression_astc_ldr" />
19-->[:unityLibrary] AndroidManifest.xml:11:5-79
19-->[:unityLibrary] AndroidManifest.xml:11:26-76
20
21    <uses-permission android:name="android.permission.INTERNET" />
21-->[:unityLibrary] AndroidManifest.xml:13:5-67
21-->[:unityLibrary] AndroidManifest.xml:13:22-64
22
23    <uses-feature android:glEsVersion="0x00030000" />
23-->[:unityLibrary] AndroidManifest.xml:15:5-54
23-->[:unityLibrary] AndroidManifest.xml:15:19-51
24    <uses-feature
24-->[:unityLibrary] AndroidManifest.xml:16:5-18:36
25        android:name="android.hardware.vulkan.version"
25-->[:unityLibrary] AndroidManifest.xml:17:9-55
26        android:required="false" />
26-->[:unityLibrary] AndroidManifest.xml:18:9-33
27    <uses-feature
27-->[:unityLibrary] AndroidManifest.xml:19:5-21:36
28        android:name="android.hardware.touchscreen"
28-->[:unityLibrary] AndroidManifest.xml:20:9-52
29        android:required="false" />
29-->[:unityLibrary] AndroidManifest.xml:21:9-33
30    <uses-feature
30-->[:unityLibrary] AndroidManifest.xml:22:5-24:36
31        android:name="android.hardware.touchscreen.multitouch"
31-->[:unityLibrary] AndroidManifest.xml:23:9-63
32        android:required="false" />
32-->[:unityLibrary] AndroidManifest.xml:24:9-33
33    <uses-feature
33-->[:unityLibrary] AndroidManifest.xml:25:5-27:36
34        android:name="android.hardware.touchscreen.multitouch.distinct"
34-->[:unityLibrary] AndroidManifest.xml:26:9-72
35        android:required="false" />
35-->[:unityLibrary] AndroidManifest.xml:27:9-33
36    <uses-feature
36-->[:unityLibrary] AndroidManifest.xml:28:5-31:31
37        android:name="android.hardware.vr.headtracking"
37-->[:unityLibrary] AndroidManifest.xml:29:9-56
38        android:required="true"
38-->[:unityLibrary] AndroidManifest.xml:30:9-32
39        android:version="1" />
39-->[:unityLibrary] AndroidManifest.xml:31:9-28
40
41    <application
41-->src/main/AndroidManifest.xml:3:3-83
42        android:extractNativeLibs="true"
42-->[:unityLibrary] AndroidManifest.xml:33:18-50
43        android:icon="@mipmap/app_icon"
43-->src/main/AndroidManifest.xml:3:49-80
44        android:label="@string/app_name" >
44-->src/main/AndroidManifest.xml:3:16-48
45        <meta-data
45-->[:unityLibrary] AndroidManifest.xml:34:9-36:33
46            android:name="unity.splash-mode"
46-->[:unityLibrary] AndroidManifest.xml:35:13-45
47            android:value="0" />
47-->[:unityLibrary] AndroidManifest.xml:36:13-30
48        <meta-data
48-->[:unityLibrary] AndroidManifest.xml:37:9-39:36
49            android:name="unity.splash-enable"
49-->[:unityLibrary] AndroidManifest.xml:38:13-47
50            android:value="True" />
50-->[:unityLibrary] AndroidManifest.xml:39:13-33
51        <meta-data
51-->[:unityLibrary] AndroidManifest.xml:40:9-42:36
52            android:name="unity.launch-fullscreen"
52-->[:unityLibrary] AndroidManifest.xml:41:13-51
53            android:value="True" />
53-->[:unityLibrary] AndroidManifest.xml:42:13-33
54        <meta-data
54-->[:unityLibrary] AndroidManifest.xml:43:9-45:37
55            android:name="unity.allow-resizable-window"
55-->[:unityLibrary] AndroidManifest.xml:44:13-56
56            android:value="False" />
56-->[:unityLibrary] AndroidManifest.xml:45:13-34
57        <meta-data
57-->[:unityLibrary] AndroidManifest.xml:46:9-48:50
58            android:name="notch.config"
58-->[:unityLibrary] AndroidManifest.xml:47:13-40
59            android:value="portrait|landscape" />
59-->[:unityLibrary] AndroidManifest.xml:48:13-47
60        <meta-data
60-->[:unityLibrary] AndroidManifest.xml:49:9-51:36
61            android:name="unity.auto-report-fully-drawn"
61-->[:unityLibrary] AndroidManifest.xml:50:13-57
62            android:value="true" />
62-->[:unityLibrary] AndroidManifest.xml:51:13-33
63
64        <activity
64-->[:unityLibrary] AndroidManifest.xml:53:9-79:20
65            android:name="com.unity3d.player.UnityPlayerActivity"
65-->[:unityLibrary] AndroidManifest.xml:54:13-66
66            android:configChanges="keyboard|keyboardHidden|navigation|orientation|screenLayout|screenSize|uiMode"
66-->[:unityLibrary] AndroidManifest.xml:55:13-114
67            android:exported="true"
67-->[:unityLibrary] AndroidManifest.xml:56:13-36
68            android:hardwareAccelerated="false"
68-->[:unityLibrary] AndroidManifest.xml:57:13-48
69            android:launchMode="singleTask"
69-->[:unityLibrary] AndroidManifest.xml:58:13-44
70            android:resizeableActivity="false"
70-->[:unityLibrary] AndroidManifest.xml:59:13-47
71            android:screenOrientation="landscape"
71-->[:unityLibrary] AndroidManifest.xml:60:13-50
72            android:theme="@android:style/Theme.Black.NoTitleBar.Fullscreen" >
72-->[:unityLibrary] AndroidManifest.xml:61:13-77
73            <intent-filter>
73-->[:unityLibrary] AndroidManifest.xml:62:13-68:29
74                <category android:name="android.intent.category.LAUNCHER" />
74-->[:unityLibrary] AndroidManifest.xml:63:17-77
74-->[:unityLibrary] AndroidManifest.xml:63:27-74
75
76                <action android:name="android.intent.action.MAIN" />
76-->[:unityLibrary] AndroidManifest.xml:65:17-69
76-->[:unityLibrary] AndroidManifest.xml:65:25-66
77
78                <category android:name="com.oculus.intent.category.VR" />
78-->[:unityLibrary] AndroidManifest.xml:67:17-74
78-->[:unityLibrary] AndroidManifest.xml:67:27-71
79            </intent-filter>
80
81            <meta-data
81-->[:unityLibrary] AndroidManifest.xml:70:13-72:40
82                android:name="unityplayer.UnityActivity"
82-->[:unityLibrary] AndroidManifest.xml:71:17-57
83                android:value="true" />
83-->[:unityLibrary] AndroidManifest.xml:72:17-37
84            <meta-data
84-->[:unityLibrary] AndroidManifest.xml:73:13-75:40
85                android:name="notch_support"
85-->[:unityLibrary] AndroidManifest.xml:74:17-45
86                android:value="true" />
86-->[:unityLibrary] AndroidManifest.xml:75:17-37
87            <meta-data
87-->[:unityLibrary] AndroidManifest.xml:76:13-78:40
88                android:name="com.oculus.vr.focusaware"
88-->[:unityLibrary] AndroidManifest.xml:77:17-56
89                android:value="true" />
89-->[:unityLibrary] AndroidManifest.xml:78:17-37
90        </activity>
91
92        <meta-data
92-->[:unityLibrary] AndroidManifest.xml:81:9-83:39
93            android:name="com.samsung.android.vr.application.mode"
93-->[:unityLibrary] AndroidManifest.xml:82:13-67
94            android:value="vr_only" />
94-->[:unityLibrary] AndroidManifest.xml:83:13-36
95        <meta-data
95-->[:unityLibrary] AndroidManifest.xml:84:9-86:37
96            android:name="com.unity.xr.oculus.LowOverheadMode"
96-->[:unityLibrary] AndroidManifest.xml:85:13-63
97            android:value="false" />
97-->[:unityLibrary] AndroidManifest.xml:86:13-34
98        <meta-data
98-->[:unityLibrary] AndroidManifest.xml:87:9-89:37
99            android:name="com.unity.xr.oculus.LateLatching"
99-->[:unityLibrary] AndroidManifest.xml:88:13-60
100            android:value="false" />
100-->[:unityLibrary] AndroidManifest.xml:89:13-34
101        <meta-data
101-->[:unityLibrary] AndroidManifest.xml:90:9-92:37
102            android:name="com.unity.xr.oculus.LateLatchingDebug"
102-->[:unityLibrary] AndroidManifest.xml:91:13-65
103            android:value="false" />
103-->[:unityLibrary] AndroidManifest.xml:92:13-34
104        <meta-data
104-->[:unityLibrary] AndroidManifest.xml:93:9-95:38
105            android:name="com.oculus.supportedDevices"
105-->[:unityLibrary] AndroidManifest.xml:94:13-55
106            android:value="quest2" />
106-->[:unityLibrary] AndroidManifest.xml:95:13-35
107    </application>
108
109</manifest>